0 info it worked if it ends with ok
1 verbose cli [ 'nodejs', '/usr/bin/npm', 'publish' ]
2 info using npm@1.1.59
3 info using node@v0.8.8
4 verbose publish [ '.' ]
5 verbose read json /home/bediako/work/som/package.json
6 verbose cache add [ '.', null ]
7 silly cache add name=undefined spec="." args=[".",null]
8 verbose parsed url { pathname: '.', path: '.', href: '.' }
9 silly lockFile 3a52ce78- .
10 verbose lock . /home/bediako/.npm/3a52ce78-.lock
11 verbose read json package.json
12 verbose tar pack [ '/home/bediako/tmp/npm-3582/1346860515430-0.858116302639246/tmp.tgz',
12 verbose tar pack   '.' ]
13 verbose tarball /home/bediako/tmp/npm-3582/1346860515430-0.858116302639246/tmp.tgz
14 verbose folder .
15 info prepublish som@0.1.0
16 silly lockFile 69524b1c-515430-0-858116302639246-tmp-tgz /home/bediako/tmp/npm-3582/1346860515430-0.858116302639246/tmp.tgz
17 verbose lock /home/bediako/tmp/npm-3582/1346860515430-0.858116302639246/tmp.tgz /home/bediako/.npm/69524b1c-515430-0-858116302639246-tmp-tgz.lock
18 silly lockFile 69524b1c-515430-0-858116302639246-tmp-tgz /home/bediako/tmp/npm-3582/1346860515430-0.858116302639246/tmp.tgz
19 verbose tar unpack /home/bediako/tmp/npm-3582/1346860515430-0.858116302639246/tmp.tgz
20 silly lockFile b8937dac-515430-0-858116302639246-package /home/bediako/tmp/npm-3582/1346860515430-0.858116302639246/package
21 verbose lock /home/bediako/tmp/npm-3582/1346860515430-0.858116302639246/package /home/bediako/.npm/b8937dac-515430-0-858116302639246-package.lock
22 silly gunzTarPerm modes [ '777', '666' ]
23 silly gunzTarPerm extractEntry package.json
24 silly gunzTarPerm modified mode [ 'package.json', 436, 438 ]
25 silly gunzTarPerm extractEntry README.md
26 silly gunzTarPerm modified mode [ 'README.md', 436, 438 ]
27 silly gunzTarPerm extractEntry som.js
28 silly gunzTarPerm modified mode [ 'som.js', 436, 438 ]
29 silly gunzTarPerm extractEntry test/testSom.js
30 silly gunzTarPerm modified mode [ 'test/testSom.js', 436, 438 ]
31 silly gunzTarPerm extractEntry push.sh
32 silly gunzTarPerm modified mode [ 'push.sh', 509, 511 ]
33 verbose read json /home/bediako/tmp/npm-3582/1346860515430-0.858116302639246/package/package.json
34 silly lockFile b8937dac-515430-0-858116302639246-package /home/bediako/tmp/npm-3582/1346860515430-0.858116302639246/package
35 verbose from cache /home/bediako/tmp/npm-3582/1346860515430-0.858116302639246/package/package.json
36 verbose tar pack [ '/home/bediako/.npm/som/0.1.0/package.tgz',
36 verbose tar pack   '/home/bediako/tmp/npm-3582/1346860515430-0.858116302639246/package' ]
37 verbose tarball /home/bediako/.npm/som/0.1.0/package.tgz
38 verbose folder /home/bediako/tmp/npm-3582/1346860515430-0.858116302639246/package
39 silly lockFile 299869b6-ediako-npm-som-0-1-0-package-tgz /home/bediako/.npm/som/0.1.0/package.tgz
40 verbose lock /home/bediako/.npm/som/0.1.0/package.tgz /home/bediako/.npm/299869b6-ediako-npm-som-0-1-0-package-tgz.lock
41 silly lockFile 299869b6-ediako-npm-som-0-1-0-package-tgz /home/bediako/.npm/som/0.1.0/package.tgz
42 silly lockFile 00feb481-me-bediako-npm-som-0-1-0-package /home/bediako/.npm/som/0.1.0/package
43 verbose lock /home/bediako/.npm/som/0.1.0/package /home/bediako/.npm/00feb481-me-bediako-npm-som-0-1-0-package.lock
44 silly lockFile 00feb481-me-bediako-npm-som-0-1-0-package /home/bediako/.npm/som/0.1.0/package
45 verbose tar unpack /home/bediako/.npm/som/0.1.0/package.tgz
46 silly lockFile 00feb481-me-bediako-npm-som-0-1-0-package /home/bediako/.npm/som/0.1.0/package
47 verbose lock /home/bediako/.npm/som/0.1.0/package /home/bediako/.npm/00feb481-me-bediako-npm-som-0-1-0-package.lock
48 silly gunzTarPerm modes [ '777', '666' ]
49 silly gunzTarPerm extractEntry package.json
50 silly gunzTarPerm extractEntry README.md
51 silly gunzTarPerm extractEntry som.js
52 silly gunzTarPerm extractEntry test/testSom.js
53 silly gunzTarPerm extractEntry push.sh
54 verbose read json /home/bediako/.npm/som/0.1.0/package/package.json
55 silly lockFile 00feb481-me-bediako-npm-som-0-1-0-package /home/bediako/.npm/som/0.1.0/package
56 silly shasum updated bytes 2865
57 info shasum 83150cb5d0bc538dadffae851efd72fc9bda2bc0
57 info shasum /home/bediako/.npm/som/0.1.0/package.tgz
58 verbose from cache /home/bediako/.npm/som/0.1.0/package/package.json
59 verbose chmod /home/bediako/.npm/som/0.1.0/package.tgz 666
60 verbose chown /home/bediako/.npm/som/0.1.0/package.tgz [ 1000, 1000 ]
61 silly lockFile 3a52ce78- .
62 silly publish { name: 'som',
62 silly publish   description: 'Som is a self organizing map implementation written in JavaScript.',
62 silly publish   main: './som',
62 silly publish   author:
62 silly publish    { name: 'Bediako George',
62 silly publish      email: 'bediako.george@lucidtechnics.com' },
62 silly publish   version: '0.1.0',
62 silly publish   maintainers:
62 silly publish    [ { name: 'Bediako George',
62 silly publish        email: 'bediako.george@lucidtechnics.com',
62 silly publish        url: 'http://www.lucidtechnics.com' } ],
62 silly publish   repository: { type: 'git', url: 'http://github.com/LucidTechnics/som.git' },
62 silly publish   bugs: { url: 'http://github.com/LucidTechnics/som/issues' },
62 silly publish   licenses:
62 silly publish    [ { type: 'MIT',
62 silly publish        url: 'http://github.com/LucidTechnics/som/raw/master/LICENSE' } ],
62 silly publish   dependencies: { underscore: '>= 1.3.3' },
62 silly publish   readme: 'som\n===\n\nSom is a a self organizing map implementation written in JavaScript.',
62 silly publish   _id: 'som@0.1.0',
62 silly publish   dist: { shasum: '83150cb5d0bc538dadffae851efd72fc9bda2bc0' } }
63 error need auth auth and email required for publishing
63 error need auth You need to authorize this machine using `npm adduser`
64 error System Linux 3.2.0-27-generic-pae
65 error command "nodejs" "/usr/bin/npm" "publish"
66 error cwd /home/bediako/work/som
67 error node -v v0.8.8
68 error npm -v 1.1.59
69 error code ENEEDAUTH
70 verbose exit [ 1, true ]
